    Checking launch-deck v0.1.0 (C:\Users\ohirs\OneDrive\Documents\Visual Studio Projects\launch-deck\src-tauri)
warning: unused import: `pelite::resources::version_info::VersionInfo`
 --> src\scanner.rs:6:5
  |
6 | use pelite::resources::version_info::VersionInfo;
  |     ^^^^^^^^^^^^^^^^^^^^^^^^^^^^^^^^^^^^^^^^^^^^
  |
  = note: `#[warn(unused_imports)]` (part of `#[warn(unused)]`) on by default

warning: unused import: `fetch_game_data`
  --> src\scanner.rs:12:13
   |
12 | use crate::{fetch_game_data, GameData};
   |             ^^^^^^^^^^^^^^^

warning: unused import: `Arc`
  --> src\main.rs:11:17
   |
11 | use std::sync::{Arc, OnceLock};
   |                 ^^^

warning: unused imports: `AtomicBool` and `Ordering`
  --> src\main.rs:12:25
   |
12 | use std::sync::atomic::{AtomicBool, Ordering};
   |                         ^^^^^^^^^^  ^^^^^^^^

warning: fields `width` and `height` are never read
   --> src\main.rs:215:5
    |
211 | struct SgdAsset {
    |        -------- fields in this struct
...
215 |     width: Option<u32>,
    |     ^^^^^
216 |     height: Option<u32>,
    |     ^^^^^^
    |
    = note: `#[warn(dead_code)]` (part of `#[warn(unused)]`) on by default

warning: field `steamid` is never read
   --> src\main.rs:560:5
    |
559 | struct SteamPlayer {
    |        ----------- field in this struct
560 |     steamid: String,
    |     ^^^^^^^

warning: field `icongray` is never read
   --> src\main.rs:924:5
    |
918 | struct SteamSchemaAchievement {
    |        ---------------------- field in this struct
...
924 |     icongray: String,
    |     ^^^^^^^^

warning: field `appid` is never read
    --> src\main.rs:1239:5
     |
1238 | struct SteamOwnedGame {
     |        -------------- field in this struct
1239 |     appid: u32,
     |     ^^^^^

warning: field `user_id` is never read
    --> src\main.rs:1555:5
     |
1550 | struct GogTokenResponse {
     |        ---------------- field in this struct
...
1555 |     user_id: String,
     |     ^^^^^^^

warning: `launch-deck` (bin "launch-deck") generated 9 warnings (run `cargo fix --bin "launch-deck" -p launch-deck` to apply 4 suggestions)
    Finished `dev` profile [unoptimized + debuginfo] target(s) in 4.33s
